<?xml version="1.0" encoding="UTF-8"?>
<coverage generated="1756032297008" clover="3.2.0">
  <project timestamp="1756032297008" name="All files">
    <metrics statements="32" coveredstatements="32" conditionals="22" coveredconditionals="22" methods="1" coveredmethods="1" elements="55" coveredelements="55" complexity="0" loc="32" ncloc="32" packages="1" files="1" classes="1"/>
    <file name="game-audit-service-stack.ts" path="/Users/kronis/dev/github/loupeen/game-audit-service/lib/game-audit-service-stack.ts">
      <metrics statements="32" coveredstatements="32" conditionals="22" coveredconditionals="22" methods="1" coveredmethods="1"/>
      <line num="1" count="1" type="stmt"/>
      <line num="2" count="1" type="stmt"/>
      <line num="3" count="1" type="stmt"/>
      <line num="4" count="1" type="stmt"/>
      <line num="5" count="1" type="stmt"/>
      <line num="7" count="1" type="stmt"/>
      <line num="17" count="1" type="stmt"/>
      <line num="23" count="13" type="stmt"/>
      <line num="26" count="13" type="stmt"/>
      <line num="49" count="13" type="stmt"/>
      <line num="63" count="13" type="stmt"/>
      <line num="77" count="13" type="stmt"/>
      <line num="91" count="13" type="stmt"/>
      <line num="109" count="13" type="stmt"/>
      <line num="127" count="13" type="stmt"/>
      <line num="128" count="13" type="stmt"/>
      <line num="131" count="13" type="stmt"/>
      <line num="147" count="13" type="stmt"/>
      <line num="152" count="13" type="stmt"/>
      <line num="165" count="13" type="stmt"/>
      <line num="170" count="13" type="stmt"/>
      <line num="179" count="13" type="stmt"/>
      <line num="190" count="13" type="stmt"/>
      <line num="208" count="13" type="stmt"/>
      <line num="211" count="13" type="stmt"/>
      <line num="220" count="13" type="stmt"/>
      <line num="223" count="13" type="stmt"/>
      <line num="228" count="13" type="stmt"/>
      <line num="242" count="13" type="stmt"/>
      <line num="247" count="13" type="stmt"/>
      <line num="252" count="13" type="stmt"/>
      <line num="257" count="13" type="stmt"/>
    </file>
  </project>
</coverage>
