<?xml version="1.0" encoding="UTF-8"?>
<coverage generated="1756034184935" clover="3.2.0">
  <project timestamp="1756034184935" name="All files">
    <metrics statements="33" coveredstatements="33" conditionals="22" coveredconditionals="22" methods="1" coveredmethods="1" elements="56" coveredelements="56" complexity="0" loc="33" ncloc="33" packages="1" files="1" classes="1"/>
    <file name="game-audit-service-stack.ts" path="/Users/kronis/dev/github/loupeen/game-audit-service/lib/game-audit-service-stack.ts">
      <metrics statements="33" coveredstatements="33" conditionals="22" coveredconditionals="22" methods="1" coveredmethods="1"/>
      <line num="1" count="1" type="stmt"/>
      <line num="2" count="1" type="stmt"/>
      <line num="3" count="1" type="stmt"/>
      <line num="4" count="1" type="stmt"/>
      <line num="5" count="1" type="stmt"/>
      <line num="6" count="1" type="stmt"/>
      <line num="7" count="1" type="stmt"/>
      <line num="14" count="1" type="stmt"/>
      <line num="20" count="13" type="stmt"/>
      <line num="23" count="13" type="stmt"/>
      <line num="46" count="13" type="stmt"/>
      <line num="60" count="13" type="stmt"/>
      <line num="74" count="13" type="stmt"/>
      <line num="88" count="13" type="stmt"/>
      <line num="106" count="13" type="stmt"/>
      <line num="124" count="13" type="stmt"/>
      <line num="125" count="13" type="stmt"/>
      <line num="128" count="13" type="stmt"/>
      <line num="144" count="13" type="stmt"/>
      <line num="149" count="13" type="stmt"/>
      <line num="162" count="13" type="stmt"/>
      <line num="167" count="13" type="stmt"/>
      <line num="176" count="13" type="stmt"/>
      <line num="187" count="13" type="stmt"/>
      <line num="205" count="13" type="stmt"/>
      <line num="208" count="13" type="stmt"/>
      <line num="217" count="13" type="stmt"/>
      <line num="220" count="13" type="stmt"/>
      <line num="225" count="13" type="stmt"/>
      <line num="239" count="13" type="stmt"/>
      <line num="244" count="13" type="stmt"/>
      <line num="249" count="13" type="stmt"/>
      <line num="254" count="13" type="stmt"/>
    </file>
  </project>
</coverage>
