TN:
SF:lib/game-audit-service-stack.ts
FN:19,(anonymous_9)
FNF:1
FNH:1
FNDA:13,(anonymous_9)
DA:1,1
DA:2,1
DA:3,1
DA:4,1
DA:5,1
DA:6,1
DA:7,1
DA:14,1
DA:20,13
DA:23,13
DA:46,13
DA:60,13
DA:74,13
DA:88,13
DA:106,13
DA:124,13
DA:125,13
DA:128,13
DA:144,13
DA:149,13
DA:162,13
DA:167,13
DA:176,13
DA:187,13
DA:205,13
DA:208,13
DA:217,13
DA:220,13
DA:225,13
DA:239,13
DA:244,13
DA:249,13
DA:254,13
LF:33
LH:33
BRDA:33,0,0,1
BRDA:33,0,1,12
BRDA:36,1,0,1
BRDA:36,1,1,12
BRDA:37,2,0,1
BRDA:37,2,1,12
BRDA:40,3,0,1
BRDA:40,3,1,12
BRDA:95,4,0,1
BRDA:95,4,1,12
BRDA:99,5,0,1
BRDA:99,5,1,12
BRDA:113,6,0,1
BRDA:113,6,1,12
BRDA:117,7,0,1
BRDA:117,7,1,12
BRDA:194,8,0,1
BRDA:194,8,1,12
BRDA:198,9,0,1
BRDA:198,9,1,12
BRDA:211,10,0,1
BRDA:211,10,1,12
BRF:22
BRH:22
end_of_record
