TN:
SF:lib/game-audit-service-stack.ts
FN:22,(anonymous_9)
FNF:1
FNH:1
FNDA:13,(anonymous_9)
DA:1,1
DA:2,1
DA:3,1
DA:4,1
DA:5,1
DA:7,1
DA:17,1
DA:23,13
DA:26,13
DA:49,13
DA:63,13
DA:77,13
DA:91,13
DA:109,13
DA:127,13
DA:128,13
DA:131,13
DA:147,13
DA:152,13
DA:165,13
DA:170,13
DA:179,13
DA:190,13
DA:208,13
DA:211,13
DA:220,13
DA:223,13
DA:228,13
DA:242,13
DA:247,13
DA:252,13
DA:257,13
LF:32
LH:32
BRDA:36,0,0,1
BRDA:36,0,1,12
BRDA:39,1,0,1
BRDA:39,1,1,12
BRDA:40,2,0,1
BRDA:40,2,1,12
BRDA:43,3,0,1
BRDA:43,3,1,12
BRDA:98,4,0,1
BRDA:98,4,1,12
BRDA:102,5,0,1
BRDA:102,5,1,12
BRDA:116,6,0,1
BRDA:116,6,1,12
BRDA:120,7,0,1
BRDA:120,7,1,12
BRDA:197,8,0,1
BRDA:197,8,1,12
BRDA:201,9,0,1
BRDA:201,9,1,12
BRDA:214,10,0,1
BRDA:214,10,1,12
BRF:22
BRH:22
end_of_record
